========================== SD IP Core Testbench results ===========================
 
  ***************************************************************************************
  ***************************************************************************************
  Heading: access_to_reg                                                                                       
  ***************************************************************************************
  ***************************************************************************************
 
    *************************************************************************************
    At time:                  353 
    Test: TEST 0: 32-BIT READ-WRITE REGISTERS ( VARIOUS BUS DELAYS )                                          
    reported *SUCCESSFULL*! 
    *************************************************************************************
 
  ***************************************************************************************
  ***************************************************************************************
  Heading: Send CMD                                                                                            
  ***************************************************************************************
  ***************************************************************************************
 
    *************************************************************************************
    At time:                  639 
    Test: 0:  Send CMD, No Response                                                                           
    reported *SUCCESSFULL*! 
    *************************************************************************************
 
  ***************************************************************************************
  ***************************************************************************************
  Heading: access_to_reg                                                                                       
  ***************************************************************************************
  ***************************************************************************************
 
    *************************************************************************************
    At time:                 4749 
    Test: 3.0:  Init Seq, No Response                                                                         
    reported *SUCCESSFULL*! 
    *************************************************************************************
 
  ***************************************************************************************
  ***************************************************************************************
  Heading: access_to_reg                                                                                       
  ***************************************************************************************
  ***************************************************************************************
 
    *************************************************************************************
    At time:                16061 
    Test: 4.0:  Send data                                                                                     
    reported *SUCCESSFULL*! 
    *************************************************************************************
 
    *************************************************************************************
    At time:                32037 
    Test: 4.0:  Send data                                                                                     
    reported *SUCCESSFULL*! 
    *************************************************************************************
 
  ***************************************************************************************
  ***************************************************************************************
  Heading: Send CMD, With simulated bus error on SD_CMD line                                                   
  ***************************************************************************************
  ***************************************************************************************
 
    *************************************************************************************
    At time:                34187 
    Test:  Test 5 part 4:   Send CMD2, 136-Bit                                                                
    reported *SUCCESSFULL*! 
    *************************************************************************************
 
  ***************************************************************************************
  ***************************************************************************************
  Heading: access_to_reg                                                                                       
  ***************************************************************************************
  ***************************************************************************************
 
    *************************************************************************************
    At time:                50163 
    Test: 4.0:  Send data                                                                                     
    reported *SUCCESSFULL*! 
    *************************************************************************************
 
